[2025-12-04 11:20:34] [INFO] socratic_rag.system: Debug mode ENABLED - all operations will be logged
[2025-12-04 13:00:17] [INFO] socratic_rag.system: Debug mode ENABLED - all operations will be logged
[2025-12-04 13:02:56] [DEBUG] socratic_rag.socratic_counselor: Building question prompt for discovery phase (question #1)
[2025-12-04 13:02:56] [INFO] socratic_rag.socratic_counselor: Generating dynamic question for discovery phase
[2025-12-04 13:03:00] [DEBUG] socratic_rag.socratic_counselor: Question generated successfully: What specific problem or frustration in people's daily lives are you hoping TestingProject will solv...
[2025-12-04 16:54:38] [INFO] socratic_rag.system: Debug mode ENABLED - all operations will be logged
[2025-12-04 16:55:38] [DEBUG] socratic_rag.socratic_counselor: Building question prompt for discovery phase (question #1)
[2025-12-04 16:55:38] [INFO] socratic_rag.socratic_counselor: Generating dynamic question for discovery phase
[2025-12-04 16:55:44] [DEBUG] socratic_rag.socratic_counselor: Question generated successfully: What specific problem or frustration in people's daily lives are you hoping TestingProject will solv...
[2025-12-04 16:56:32] [INFO] socratic_rag.document_processor: Processing file: UsersthemiDesktopexample.pdf
[2025-12-04 16:56:32] [WARNING] socratic_rag.document_processor: File not found: C:UsersthemiDesktopexample.pdf
[2025-12-04 16:56:32] [DEBUG] socratic_rag.socratic_counselor: Using 1 recent messages for context
[2025-12-04 16:56:32] [DEBUG] socratic_rag.socratic_counselor: Building question prompt for discovery phase (question #2)
[2025-12-04 16:56:32] [INFO] socratic_rag.socratic_counselor: Generating dynamic question for discovery phase
[2025-12-04 16:56:37] [DEBUG] socratic_rag.socratic_counselor: Question generated successfully: Since we haven't established what problem TestingProject aims to solve yet, let me ask: Can you desc...
[2025-12-04 16:56:57] [DEBUG] socratic_rag.socratic_counselor: Processing user response (33 chars) from Themis
[2025-12-04 16:56:57] [DEBUG] socratic_rag.socratic_counselor: Added response to conversation history (total: 3 messages)
[2025-12-04 16:56:57] [INFO] socratic_rag.socratic_counselor: Extracting insights from user response...
[2025-12-04 16:57:03] [INFO] socratic_rag.socratic_counselor: Extracted 1 goal, 1 requirement(s), 1 tech(s), 1 constraint(s)
[2025-12-04 16:57:03] [DEBUG] socratic_rag.socratic_counselor: Full insights: {'goals': 'create a simple python calculator', 'requirements': ['simple calculator functionality'], 'tech_stack': ['python'], 'constraints': ['keep it simple']}
[2025-12-04 16:57:03] [INFO] socratic_rag.socratic_counselor: Running conflict detection on new insights...
[2025-12-04 16:57:13] [DEBUG] socratic_rag.socratic_counselor: No conflicts detected
[2025-12-04 16:57:13] [INFO] socratic_rag.socratic_counselor: Updating project context with insights...
[2025-12-04 16:57:13] [DEBUG] socratic_rag.socratic_counselor: Project context updated successfully
[2025-12-04 16:57:13] [DEBUG] socratic_rag.socratic_counselor: Using 3 recent messages for context
[2025-12-04 16:57:13] [DEBUG] socratic_rag.socratic_counselor: Searching vector database for relevant knowledge...
[2025-12-04 16:57:13] [DEBUG] socratic_rag.socratic_counselor: Found 3 relevant knowledge items
[2025-12-04 16:57:13] [DEBUG] socratic_rag.socratic_counselor: Building question prompt for discovery phase (question #3)
[2025-12-04 16:57:13] [INFO] socratic_rag.socratic_counselor: Generating dynamic question for discovery phase
[2025-12-04 16:57:19] [DEBUG] socratic_rag.socratic_counselor: Question generated successfully: I notice you want to build a calculator, but calculators already exist everywhere - on phones, compu...
[2025-12-04 16:57:41] [DEBUG] socratic_rag.socratic_counselor: Using 4 recent messages for context
[2025-12-04 16:57:41] [DEBUG] socratic_rag.socratic_counselor: Searching vector database for relevant knowledge...
[2025-12-04 16:57:41] [DEBUG] socratic_rag.socratic_counselor: Found 3 relevant knowledge items
[2025-12-04 16:57:41] [DEBUG] socratic_rag.socratic_counselor: Building question prompt for analysis phase (question #1)
[2025-12-04 16:57:41] [INFO] socratic_rag.socratic_counselor: Generating dynamic question for analysis phase
[2025-12-04 16:57:46] [DEBUG] socratic_rag.socratic_counselor: Question generated successfully: Since you're building this calculator in Python rather than using a web interface or GUI, who is you...
[2025-12-04 16:58:02] [DEBUG] socratic_rag.socratic_counselor: Using 4 recent messages for context
[2025-12-04 16:58:02] [DEBUG] socratic_rag.socratic_counselor: Searching vector database for relevant knowledge...
[2025-12-04 16:58:02] [DEBUG] socratic_rag.socratic_counselor: Found 3 relevant knowledge items
[2025-12-04 16:58:02] [DEBUG] socratic_rag.socratic_counselor: Building question prompt for design phase (question #1)
[2025-12-04 16:58:02] [INFO] socratic_rag.socratic_counselor: Generating dynamic question for design phase
[2025-12-04 16:58:08] [DEBUG] socratic_rag.socratic_counselor: Question generated successfully: Looking at your simple calculator, what's the first calculation a user will want to perform when the...
[2025-12-04 16:58:35] [DEBUG] socratic_rag.socratic_counselor: Processing user response (55 chars) from Themis
[2025-12-04 16:58:35] [DEBUG] socratic_rag.socratic_counselor: Added response to conversation history (total: 7 messages)
[2025-12-04 16:58:35] [INFO] socratic_rag.socratic_counselor: Extracting insights from user response...
[2025-12-04 16:58:39] [INFO] socratic_rag.socratic_counselor: Extracted 1 goal, 4 requirement(s), 1 tech(s)
[2025-12-04 16:58:39] [DEBUG] socratic_rag.socratic_counselor: Full insights: {'goals': 'create a calculator for basic arithmetic operations', 'requirements': ['support addition operation', 'support subtraction operation', 'support multiplication operation', 'support division operation'], 'tech_stack': ['python']}
[2025-12-04 16:58:39] [INFO] socratic_rag.socratic_counselor: Running conflict detection on new insights...
[2025-12-04 16:59:08] [DEBUG] socratic_rag.socratic_counselor: No conflicts detected
[2025-12-04 16:59:08] [INFO] socratic_rag.socratic_counselor: Updating project context with insights...
[2025-12-04 16:59:08] [DEBUG] socratic_rag.socratic_counselor: Project context updated successfully
[2025-12-04 16:59:08] [DEBUG] socratic_rag.socratic_counselor: Using 4 recent messages for context
[2025-12-04 16:59:08] [DEBUG] socratic_rag.socratic_counselor: Searching vector database for relevant knowledge...
[2025-12-04 16:59:08] [DEBUG] socratic_rag.socratic_counselor: Found 3 relevant knowledge items
[2025-12-04 16:59:08] [DEBUG] socratic_rag.socratic_counselor: Building question prompt for design phase (question #2)
[2025-12-04 16:59:08] [INFO] socratic_rag.socratic_counselor: Generating dynamic question for design phase
[2025-12-04 16:59:14] [DEBUG] socratic_rag.socratic_counselor: Question generated successfully: When a user tries to divide by zero in your calculator, what should happen - should the program cras...
[2025-12-04 17:00:43] [DEBUG] socratic_rag.socratic_counselor: Using 4 recent messages for context
[2025-12-04 17:00:43] [DEBUG] socratic_rag.socratic_counselor: Searching vector database for relevant knowledge...
[2025-12-04 17:00:43] [DEBUG] socratic_rag.socratic_counselor: Found 3 relevant knowledge items
[2025-12-04 17:00:43] [DEBUG] socratic_rag.socratic_counselor: Building question prompt for design phase (question #3)
[2025-12-04 17:00:43] [INFO] socratic_rag.socratic_counselor: Generating dynamic question for design phase
[2025-12-04 17:00:49] [DEBUG] socratic_rag.socratic_counselor: Question generated successfully: Since you'll need to handle division by zero and potentially other errors like invalid input types, ...
[2025-12-04 17:02:38] [DEBUG] socratic_rag.socratic_counselor: Processing user response (69 chars) from Themis
[2025-12-04 17:02:38] [DEBUG] socratic_rag.socratic_counselor: Added response to conversation history (total: 10 messages)
[2025-12-04 17:02:38] [INFO] socratic_rag.socratic_counselor: Extracting insights from user response...
[2025-12-04 17:02:44] [INFO] socratic_rag.socratic_counselor: Extracted 1 goal, 2 requirement(s)
[2025-12-04 17:02:44] [DEBUG] socratic_rag.socratic_counselor: Full insights: {'goals': 'optimize the architecture and make it modular', 'requirements': ['modular architecture', 'optimized project structure']}
[2025-12-04 17:02:44] [INFO] socratic_rag.socratic_counselor: Running conflict detection on new insights...
[2025-12-04 17:03:08] [DEBUG] socratic_rag.socratic_counselor: No conflicts detected
[2025-12-04 17:03:08] [INFO] socratic_rag.socratic_counselor: Updating project context with insights...
[2025-12-04 17:03:08] [DEBUG] socratic_rag.socratic_counselor: Project context updated successfully
[2025-12-04 17:03:08] [DEBUG] socratic_rag.socratic_counselor: Using 4 recent messages for context
[2025-12-04 17:03:08] [DEBUG] socratic_rag.socratic_counselor: Searching vector database for relevant knowledge...
[2025-12-04 17:03:08] [DEBUG] socratic_rag.socratic_counselor: Found 3 relevant knowledge items
[2025-12-04 17:03:08] [DEBUG] socratic_rag.socratic_counselor: Building question prompt for design phase (question #4)
[2025-12-04 17:03:08] [INFO] socratic_rag.socratic_counselor: Generating dynamic question for design phase
[2025-12-04 17:03:15] [DEBUG] socratic_rag.socratic_counselor: Question generated successfully: Looking at your calculator from a user's perspective, if someone wants to perform multiple calculati...
[2025-12-04 17:04:52] [DEBUG] socratic_rag.socratic_counselor: Using 4 recent messages for context
[2025-12-04 17:04:52] [DEBUG] socratic_rag.socratic_counselor: Searching vector database for relevant knowledge...
[2025-12-04 17:04:52] [DEBUG] socratic_rag.socratic_counselor: Found 3 relevant knowledge items
[2025-12-04 17:04:52] [DEBUG] socratic_rag.socratic_counselor: Building question prompt for design phase (question #5)
[2025-12-04 17:04:52] [INFO] socratic_rag.socratic_counselor: Generating dynamic question for design phase
[2025-12-04 17:04:58] [DEBUG] socratic_rag.socratic_counselor: Question generated successfully: If you decide to organize your calculator with separate modules for operations, input handling, and ...
[2025-12-05 03:17:39] [DEBUG] socratic_rag.socratic_counselor: Building question prompt for discovery phase (question #1)
[2025-12-05 03:17:39] [INFO] socratic_rag.socratic_counselor: Generating dynamic question for discovery phase
[2025-12-05 03:17:42] [DEBUG] socratic_rag.socratic_counselor: Question generated successfully: What specific problem or frustration in people's daily lives are you hoping Moly will solve, and how...
[2025-12-05 03:20:57] [DEBUG] socratic_rag.socratic_counselor: Processing user response (422 chars) from Themis
[2025-12-05 03:20:57] [DEBUG] socratic_rag.socratic_counselor: Added response to conversation history (total: 2 messages)
[2025-12-05 03:20:57] [INFO] socratic_rag.socratic_counselor: Extracting insights from user response...
[2025-12-05 03:21:02] [INFO] socratic_rag.socratic_counselor: Extracted 1 goal, 6 requirement(s), 1 tech(s)
[2025-12-05 03:21:02] [DEBUG] socratic_rag.socratic_counselor: Full insights: {'goals': 'Create an agentic RAG system to assist users with social media platform interactions, including profile setup, profile analysis, character evaluation, and real-time conversation assistance', 'requirements': ['Profile setup assistance functionality', "Ability to read and analyze other users' profiles on the same platform", 'Character evaluation capability based on profile analysis', 'Real-time conversation support with message response suggestions', 'RAG (Retrieval-Augmented Generation) architecture', 'Agentic AI capabilities for autonomous task handling'], 'tech_stack': ['RAG (Retrieval-Augmented Generation)'], 'constraints': [], 'team_structure': ''}
[2025-12-05 03:21:02] [INFO] socratic_rag.socratic_counselor: Running conflict detection on new insights...
[2025-12-05 03:21:35] [DEBUG] socratic_rag.socratic_counselor: No conflicts detected
[2025-12-05 03:21:35] [INFO] socratic_rag.socratic_counselor: Updating project context with insights...
[2025-12-05 03:21:35] [DEBUG] socratic_rag.socratic_counselor: Project context updated successfully
[2025-12-05 03:21:35] [DEBUG] socratic_rag.socratic_counselor: Using 2 recent messages for context
[2025-12-05 03:21:35] [DEBUG] socratic_rag.socratic_counselor: Searching vector database for relevant knowledge...
[2025-12-05 03:21:35] [DEBUG] socratic_rag.socratic_counselor: Building question prompt for discovery phase (question #2)
[2025-12-05 03:21:35] [INFO] socratic_rag.socratic_counselor: Generating dynamic question for discovery phase
[2025-12-05 03:21:39] [DEBUG] socratic_rag.socratic_counselor: Question generated successfully: When you imagine someone using Moly to evaluate another person's character from their profile and ge...
[2025-12-05 03:22:37] [DEBUG] socratic_rag.socratic_counselor: Processing user response (48 chars) from Themis
[2025-12-05 03:22:37] [DEBUG] socratic_rag.socratic_counselor: Added response to conversation history (total: 4 messages)
[2025-12-05 03:22:37] [INFO] socratic_rag.socratic_counselor: Extracting insights from user response...
[2025-12-05 03:22:41] [INFO] socratic_rag.socratic_counselor: Extracted 2 requirement(s), 1 constraint(s)
[2025-12-05 03:22:41] [DEBUG] socratic_rag.socratic_counselor: Full insights: {'constraints': ['System should focus on written dialogues only, not voice interactions'], 'requirements': ['Text-based conversation interface', 'Written dialogue processing and analysis']}
[2025-12-05 03:22:41] [INFO] socratic_rag.socratic_counselor: Running conflict detection on new insights...
[2025-12-05 03:22:59] [DEBUG] socratic_rag.socratic_counselor: No conflicts detected
[2025-12-05 03:22:59] [INFO] socratic_rag.socratic_counselor: Updating project context with insights...
[2025-12-05 03:22:59] [DEBUG] socratic_rag.socratic_counselor: Project context updated successfully
[2025-12-05 03:22:59] [DEBUG] socratic_rag.socratic_counselor: Using 4 recent messages for context
[2025-12-05 03:22:59] [DEBUG] socratic_rag.socratic_counselor: Searching vector database for relevant knowledge...
[2025-12-05 03:22:59] [DEBUG] socratic_rag.socratic_counselor: Building question prompt for discovery phase (question #3)
[2025-12-05 03:22:59] [INFO] socratic_rag.socratic_counselor: Generating dynamic question for discovery phase
[2025-12-05 03:23:04] [DEBUG] socratic_rag.socratic_counselor: Question generated successfully: I understand you mean written text, not voice - but my question about authenticity still stands: If ...
[2025-12-05 03:24:12] [INFO] socratic_rag.system: Debug mode DISABLED - only important operations logged
[2025-12-05 03:24:12] [DEBUG] socratic_rag.socratic_counselor: Using 4 recent messages for context
[2025-12-05 03:24:12] [DEBUG] socratic_rag.socratic_counselor: Searching vector database for relevant knowledge...
[2025-12-05 03:24:12] [DEBUG] socratic_rag.socratic_counselor: Building question prompt for discovery phase (question #4)
[2025-12-05 03:24:12] [INFO] socratic_rag.socratic_counselor: Generating dynamic question for discovery phase
[2025-12-05 03:24:17] [DEBUG] socratic_rag.socratic_counselor: Question generated successfully: You've described four distinct capabilities - profile setup, profile analysis, character evaluation,...
[2025-12-05 10:36:28] [INFO] socratic_rag.system: Debug mode ENABLED - all operations will be logged
[2025-12-05 10:36:28] [INFO] socratic_rag.system: Debug mode ENABLED - all operations will be logged
[2025-12-05 10:36:28] [INFO] socratic_rag.system: Debug mode ENABLED - all operations will be logged
[2025-12-05 10:36:28] [INFO] socratic_rag.system: Debug mode ENABLED - all operations will be logged
[2025-12-05 10:36:28] [INFO] socratic_rag.system: Debug mode ENABLED - all operations will be logged
[2025-12-05 10:36:28] [INFO] socratic_rag.system: Debug mode ENABLED - all operations will be logged
[2025-12-05 10:36:28] [INFO] socratic_rag.system: Debug mode ENABLED - all operations will be logged
[2025-12-05 10:36:28] [INFO] socratic_rag.system: Debug mode DISABLED - only important operations logged
[2025-12-05 10:36:28] [INFO] socratic_rag.system: Debug mode DISABLED - only important operations logged
[2025-12-05 10:36:28] [INFO] socratic_rag.system: Debug mode DISABLED - only important operations logged
[2025-12-05 10:36:28] [INFO] socratic_rag.system: Debug mode DISABLED - only important operations logged
[2025-12-05 10:36:28] [INFO] socratic_rag.system: Debug mode DISABLED - only important operations logged
[2025-12-05 10:36:28] [INFO] socratic_rag.system: Debug mode DISABLED - only important operations logged
[2025-12-05 10:36:28] [INFO] socratic_rag.system: Debug mode DISABLED - only important operations logged
[2025-12-05 10:36:28] [INFO] socratic_rag.system: Debug mode DISABLED - only important operations logged
[2025-12-05 10:36:28] [INFO] socratic_rag.system: Debug mode DISABLED - only important operations logged
[2025-12-05 10:36:28] [INFO] socratic_rag.system: Debug mode DISABLED - only important operations logged
[2025-12-05 10:36:28] [INFO] socratic_rag.system: Debug mode ENABLED - all operations will be logged
[2025-12-05 10:36:28] [INFO] socratic_rag.system: Debug mode ENABLED - all operations will be logged
[2025-12-05 10:36:28] [INFO] socratic_rag.system: Debug mode ENABLED - all operations will be logged
[2025-12-05 10:36:28] [INFO] socratic_rag.system: Debug mode ENABLED - all operations will be logged
[2025-12-05 10:36:28] [INFO] socratic_rag.system: Debug mode ENABLED - all operations will be logged
[2025-12-05 10:36:28] [INFO] socratic_rag.system: Debug mode ENABLED - all operations will be logged
[2025-12-05 10:36:28] [INFO] socratic_rag.system: Debug mode ENABLED - all operations will be logged
[2025-12-05 10:36:28] [INFO] socratic_rag.system: Debug mode DISABLED - only important operations logged
[2025-12-05 10:36:28] [INFO] socratic_rag.system: Debug mode DISABLED - only important operations logged
[2025-12-05 10:36:28] [INFO] socratic_rag.system: Debug mode DISABLED - only important operations logged
[2025-12-05 10:36:28] [INFO] socratic_rag.system: Debug mode DISABLED - only important operations logged
[2025-12-05 10:36:28] [INFO] socratic_rag.system: Debug mode DISABLED - only important operations logged
[2025-12-05 10:36:28] [INFO] socratic_rag.system: Debug mode DISABLED - only important operations logged
[2025-12-05 10:36:28] [INFO] socratic_rag.system: Debug mode DISABLED - only important operations logged
[2025-12-05 10:37:22] [INFO] socratic_rag.system: Debug mode ENABLED - all operations will be logged
[2025-12-05 10:37:22] [INFO] socratic_rag.system: Debug mode ENABLED - all operations will be logged
[2025-12-05 10:37:22] [INFO] socratic_rag.system: Debug mode ENABLED - all operations will be logged
[2025-12-05 10:37:22] [INFO] socratic_rag.system: Debug mode ENABLED - all operations will be logged
[2025-12-05 10:37:22] [INFO] socratic_rag.system: Debug mode ENABLED - all operations will be logged
[2025-12-05 10:37:22] [INFO] socratic_rag.system: Debug mode ENABLED - all operations will be logged
[2025-12-05 10:37:22] [INFO] socratic_rag.system: Debug mode ENABLED - all operations will be logged
[2025-12-05 10:37:22] [INFO] socratic_rag.system: Debug mode DISABLED - only important operations logged
[2025-12-05 10:37:22] [INFO] socratic_rag.system: Debug mode DISABLED - only important operations logged
[2025-12-05 10:37:22] [INFO] socratic_rag.system: Debug mode DISABLED - only important operations logged
[2025-12-05 10:37:22] [INFO] socratic_rag.system: Debug mode DISABLED - only important operations logged
[2025-12-05 10:37:22] [INFO] socratic_rag.system: Debug mode DISABLED - only important operations logged
[2025-12-05 10:37:22] [INFO] socratic_rag.system: Debug mode DISABLED - only important operations logged
[2025-12-05 10:37:22] [INFO] socratic_rag.system: Debug mode DISABLED - only important operations logged
[2025-12-05 10:37:22] [INFO] socratic_rag.system: Debug mode DISABLED - only important operations logged
[2025-12-05 10:37:22] [INFO] socratic_rag.system: Debug mode DISABLED - only important operations logged
[2025-12-05 10:37:22] [INFO] socratic_rag.system: Debug mode DISABLED - only important operations logged
[2025-12-05 10:37:22] [INFO] socratic_rag.system: Debug mode ENABLED - all operations will be logged
[2025-12-05 10:37:22] [INFO] socratic_rag.system: Debug mode ENABLED - all operations will be logged
[2025-12-05 10:37:22] [INFO] socratic_rag.system: Debug mode ENABLED - all operations will be logged
[2025-12-05 10:37:22] [INFO] socratic_rag.system: Debug mode ENABLED - all operations will be logged
[2025-12-05 10:37:22] [INFO] socratic_rag.system: Debug mode ENABLED - all operations will be logged
[2025-12-05 10:37:22] [INFO] socratic_rag.system: Debug mode ENABLED - all operations will be logged
[2025-12-05 10:37:22] [INFO] socratic_rag.system: Debug mode ENABLED - all operations will be logged
[2025-12-05 10:37:22] [INFO] socratic_rag.system: Debug mode DISABLED - only important operations logged
[2025-12-05 10:37:22] [INFO] socratic_rag.system: Debug mode DISABLED - only important operations logged
[2025-12-05 10:37:22] [INFO] socratic_rag.system: Debug mode DISABLED - only important operations logged
[2025-12-05 10:37:22] [INFO] socratic_rag.system: Debug mode DISABLED - only important operations logged
[2025-12-05 10:37:22] [INFO] socratic_rag.system: Debug mode DISABLED - only important operations logged
[2025-12-05 10:37:22] [INFO] socratic_rag.system: Debug mode DISABLED - only important operations logged
[2025-12-05 10:37:22] [INFO] socratic_rag.system: Debug mode DISABLED - only important operations logged
[2025-12-05 10:39:33] [INFO] socratic_rag.system: Debug mode ENABLED - all operations will be logged
[2025-12-05 10:39:33] [INFO] socratic_rag.system: Debug mode ENABLED - all operations will be logged
[2025-12-05 10:39:33] [INFO] socratic_rag.system: Debug mode ENABLED - all operations will be logged
[2025-12-05 10:39:33] [INFO] socratic_rag.system: Debug mode ENABLED - all operations will be logged
[2025-12-05 10:39:33] [INFO] socratic_rag.system: Debug mode ENABLED - all operations will be logged
[2025-12-05 10:39:33] [INFO] socratic_rag.system: Debug mode ENABLED - all operations will be logged
[2025-12-05 10:39:33] [INFO] socratic_rag.system: Debug mode ENABLED - all operations will be logged
[2025-12-05 10:39:33] [INFO] socratic_rag.system: Debug mode DISABLED - only important operations logged
[2025-12-05 10:39:33] [INFO] socratic_rag.system: Debug mode DISABLED - only important operations logged
[2025-12-05 10:39:33] [INFO] socratic_rag.system: Debug mode DISABLED - only important operations logged
[2025-12-05 10:39:33] [INFO] socratic_rag.system: Debug mode DISABLED - only important operations logged
[2025-12-05 10:39:33] [INFO] socratic_rag.system: Debug mode DISABLED - only important operations logged
[2025-12-05 10:39:33] [INFO] socratic_rag.system: Debug mode DISABLED - only important operations logged
[2025-12-05 10:39:33] [INFO] socratic_rag.system: Debug mode DISABLED - only important operations logged
[2025-12-05 10:39:33] [INFO] socratic_rag.system: Debug mode DISABLED - only important operations logged
[2025-12-05 10:39:33] [INFO] socratic_rag.system: Debug mode DISABLED - only important operations logged
[2025-12-05 10:39:33] [INFO] socratic_rag.system: Debug mode DISABLED - only important operations logged
[2025-12-05 10:39:33] [INFO] socratic_rag.system: Debug mode ENABLED - all operations will be logged
[2025-12-05 10:39:33] [INFO] socratic_rag.system: Debug mode ENABLED - all operations will be logged
[2025-12-05 10:39:33] [INFO] socratic_rag.system: Debug mode ENABLED - all operations will be logged
[2025-12-05 10:39:33] [INFO] socratic_rag.system: Debug mode ENABLED - all operations will be logged
[2025-12-05 10:39:33] [INFO] socratic_rag.system: Debug mode ENABLED - all operations will be logged
[2025-12-05 10:39:33] [INFO] socratic_rag.system: Debug mode ENABLED - all operations will be logged
[2025-12-05 10:39:33] [INFO] socratic_rag.system: Debug mode ENABLED - all operations will be logged
[2025-12-05 10:39:33] [INFO] socratic_rag.system: Debug mode DISABLED - only important operations logged
[2025-12-05 10:39:33] [INFO] socratic_rag.system: Debug mode DISABLED - only important operations logged
[2025-12-05 10:39:33] [INFO] socratic_rag.system: Debug mode DISABLED - only important operations logged
[2025-12-05 10:39:33] [INFO] socratic_rag.system: Debug mode DISABLED - only important operations logged
[2025-12-05 10:39:33] [INFO] socratic_rag.system: Debug mode DISABLED - only important operations logged
[2025-12-05 10:39:33] [INFO] socratic_rag.system: Debug mode DISABLED - only important operations logged
[2025-12-05 10:39:33] [INFO] socratic_rag.system: Debug mode DISABLED - only important operations logged
[2025-12-05 10:40:46] [INFO] socratic_rag.system: Debug mode ENABLED - all operations will be logged
[2025-12-05 10:40:46] [INFO] socratic_rag.system: Debug mode ENABLED - all operations will be logged
[2025-12-05 10:40:46] [INFO] socratic_rag.system: Debug mode ENABLED - all operations will be logged
[2025-12-05 10:40:46] [INFO] socratic_rag.system: Debug mode ENABLED - all operations will be logged
[2025-12-05 10:40:46] [INFO] socratic_rag.system: Debug mode ENABLED - all operations will be logged
[2025-12-05 10:40:46] [INFO] socratic_rag.system: Debug mode ENABLED - all operations will be logged
[2025-12-05 10:40:46] [INFO] socratic_rag.system: Debug mode ENABLED - all operations will be logged
[2025-12-05 10:40:46] [INFO] socratic_rag.system: Debug mode DISABLED - only important operations logged
[2025-12-05 10:40:46] [INFO] socratic_rag.system: Debug mode DISABLED - only important operations logged
[2025-12-05 10:40:46] [INFO] socratic_rag.system: Debug mode DISABLED - only important operations logged
[2025-12-05 10:40:46] [INFO] socratic_rag.system: Debug mode DISABLED - only important operations logged
[2025-12-05 10:40:46] [INFO] socratic_rag.system: Debug mode DISABLED - only important operations logged
[2025-12-05 10:40:46] [INFO] socratic_rag.system: Debug mode DISABLED - only important operations logged
[2025-12-05 10:40:46] [INFO] socratic_rag.system: Debug mode DISABLED - only important operations logged
[2025-12-05 10:40:46] [INFO] socratic_rag.system: Debug mode DISABLED - only important operations logged
[2025-12-05 10:40:46] [INFO] socratic_rag.system: Debug mode DISABLED - only important operations logged
[2025-12-05 10:40:46] [INFO] socratic_rag.system: Debug mode DISABLED - only important operations logged
[2025-12-05 10:40:46] [INFO] socratic_rag.system: Debug mode ENABLED - all operations will be logged
[2025-12-05 10:40:46] [INFO] socratic_rag.system: Debug mode ENABLED - all operations will be logged
[2025-12-05 10:40:46] [INFO] socratic_rag.system: Debug mode ENABLED - all operations will be logged
[2025-12-05 10:40:46] [INFO] socratic_rag.system: Debug mode ENABLED - all operations will be logged
[2025-12-05 10:40:46] [INFO] socratic_rag.system: Debug mode ENABLED - all operations will be logged
[2025-12-05 10:40:46] [INFO] socratic_rag.system: Debug mode ENABLED - all operations will be logged
[2025-12-05 10:40:46] [INFO] socratic_rag.system: Debug mode ENABLED - all operations will be logged
[2025-12-05 10:40:46] [INFO] socratic_rag.system: Debug mode DISABLED - only important operations logged
[2025-12-05 10:40:46] [INFO] socratic_rag.system: Debug mode DISABLED - only important operations logged
[2025-12-05 10:40:46] [INFO] socratic_rag.system: Debug mode DISABLED - only important operations logged
[2025-12-05 10:40:46] [INFO] socratic_rag.system: Debug mode DISABLED - only important operations logged
[2025-12-05 10:40:46] [INFO] socratic_rag.system: Debug mode DISABLED - only important operations logged
[2025-12-05 10:40:46] [INFO] socratic_rag.system: Debug mode DISABLED - only important operations logged
[2025-12-05 10:40:46] [INFO] socratic_rag.system: Debug mode DISABLED - only important operations logged
[2025-12-05 10:45:33] [INFO] socratic_rag.system: Debug mode ENABLED - all operations will be logged
[2025-12-05 10:45:33] [INFO] socratic_rag.system: Debug mode ENABLED - all operations will be logged
[2025-12-05 10:45:33] [INFO] socratic_rag.system: Debug mode ENABLED - all operations will be logged
[2025-12-05 10:45:33] [INFO] socratic_rag.system: Debug mode ENABLED - all operations will be logged
[2025-12-05 10:45:33] [INFO] socratic_rag.system: Debug mode ENABLED - all operations will be logged
[2025-12-05 10:45:33] [INFO] socratic_rag.system: Debug mode ENABLED - all operations will be logged
[2025-12-05 10:45:33] [INFO] socratic_rag.system: Debug mode ENABLED - all operations will be logged
[2025-12-05 10:45:33] [INFO] socratic_rag.system: Debug mode DISABLED - only important operations logged
[2025-12-05 10:45:33] [INFO] socratic_rag.system: Debug mode DISABLED - only important operations logged
[2025-12-05 10:45:33] [INFO] socratic_rag.system: Debug mode DISABLED - only important operations logged
[2025-12-05 10:45:33] [INFO] socratic_rag.system: Debug mode DISABLED - only important operations logged
[2025-12-05 10:45:33] [INFO] socratic_rag.system: Debug mode DISABLED - only important operations logged
[2025-12-05 10:45:33] [INFO] socratic_rag.system: Debug mode DISABLED - only important operations logged
[2025-12-05 10:45:33] [INFO] socratic_rag.system: Debug mode DISABLED - only important operations logged
[2025-12-05 10:45:33] [INFO] socratic_rag.system: Debug mode DISABLED - only important operations logged
[2025-12-05 10:45:33] [INFO] socratic_rag.system: Debug mode DISABLED - only important operations logged
[2025-12-05 10:45:33] [INFO] socratic_rag.system: Debug mode DISABLED - only important operations logged
[2025-12-05 10:45:33] [INFO] socratic_rag.system: Debug mode ENABLED - all operations will be logged
[2025-12-05 10:45:33] [INFO] socratic_rag.system: Debug mode ENABLED - all operations will be logged
[2025-12-05 10:45:33] [INFO] socratic_rag.system: Debug mode ENABLED - all operations will be logged
[2025-12-05 10:45:33] [INFO] socratic_rag.system: Debug mode ENABLED - all operations will be logged
[2025-12-05 10:45:33] [INFO] socratic_rag.system: Debug mode ENABLED - all operations will be logged
[2025-12-05 10:45:33] [INFO] socratic_rag.system: Debug mode ENABLED - all operations will be logged
[2025-12-05 10:45:33] [INFO] socratic_rag.system: Debug mode ENABLED - all operations will be logged
[2025-12-05 10:45:33] [INFO] socratic_rag.system: Debug mode DISABLED - only important operations logged
[2025-12-05 10:45:33] [INFO] socratic_rag.system: Debug mode DISABLED - only important operations logged
[2025-12-05 10:45:33] [INFO] socratic_rag.system: Debug mode DISABLED - only important operations logged
[2025-12-05 10:45:33] [INFO] socratic_rag.system: Debug mode DISABLED - only important operations logged
[2025-12-05 10:45:33] [INFO] socratic_rag.system: Debug mode DISABLED - only important operations logged
[2025-12-05 10:45:33] [INFO] socratic_rag.system: Debug mode DISABLED - only important operations logged
[2025-12-05 10:45:33] [INFO] socratic_rag.system: Debug mode DISABLED - only important operations logged
[2025-12-05 10:47:04] [INFO] socratic_rag.system: Debug mode ENABLED - all operations will be logged
[2025-12-05 10:47:04] [INFO] socratic_rag.system: Debug mode ENABLED - all operations will be logged
[2025-12-05 10:47:04] [INFO] socratic_rag.system: Debug mode ENABLED - all operations will be logged
[2025-12-05 10:47:04] [INFO] socratic_rag.system: Debug mode ENABLED - all operations will be logged
[2025-12-05 10:47:04] [INFO] socratic_rag.system: Debug mode ENABLED - all operations will be logged
[2025-12-05 10:47:04] [INFO] socratic_rag.system: Debug mode ENABLED - all operations will be logged
[2025-12-05 10:47:04] [INFO] socratic_rag.system: Debug mode ENABLED - all operations will be logged
[2025-12-05 10:47:04] [INFO] socratic_rag.system: Debug mode DISABLED - only important operations logged
[2025-12-05 10:47:04] [INFO] socratic_rag.system: Debug mode DISABLED - only important operations logged
[2025-12-05 10:47:04] [INFO] socratic_rag.system: Debug mode DISABLED - only important operations logged
[2025-12-05 10:47:04] [INFO] socratic_rag.system: Debug mode DISABLED - only important operations logged
[2025-12-05 10:47:04] [INFO] socratic_rag.system: Debug mode DISABLED - only important operations logged
[2025-12-05 10:47:04] [INFO] socratic_rag.system: Debug mode DISABLED - only important operations logged
[2025-12-05 10:47:04] [INFO] socratic_rag.system: Debug mode DISABLED - only important operations logged
[2025-12-05 10:47:04] [INFO] socratic_rag.system: Debug mode DISABLED - only important operations logged
[2025-12-05 10:47:04] [INFO] socratic_rag.system: Debug mode DISABLED - only important operations logged
[2025-12-05 10:47:04] [INFO] socratic_rag.system: Debug mode DISABLED - only important operations logged
[2025-12-05 10:47:04] [INFO] socratic_rag.system: Debug mode ENABLED - all operations will be logged
[2025-12-05 10:47:04] [INFO] socratic_rag.system: Debug mode ENABLED - all operations will be logged
[2025-12-05 10:47:04] [INFO] socratic_rag.system: Debug mode ENABLED - all operations will be logged
[2025-12-05 10:47:04] [INFO] socratic_rag.system: Debug mode ENABLED - all operations will be logged
[2025-12-05 10:47:04] [INFO] socratic_rag.system: Debug mode ENABLED - all operations will be logged
[2025-12-05 10:47:04] [INFO] socratic_rag.system: Debug mode ENABLED - all operations will be logged
[2025-12-05 10:47:04] [INFO] socratic_rag.system: Debug mode ENABLED - all operations will be logged
[2025-12-05 10:47:04] [INFO] socratic_rag.system: Debug mode DISABLED - only important operations logged
[2025-12-05 10:47:04] [INFO] socratic_rag.system: Debug mode DISABLED - only important operations logged
[2025-12-05 10:47:04] [INFO] socratic_rag.system: Debug mode DISABLED - only important operations logged
[2025-12-05 10:47:04] [INFO] socratic_rag.system: Debug mode DISABLED - only important operations logged
[2025-12-05 10:47:04] [INFO] socratic_rag.system: Debug mode DISABLED - only important operations logged
[2025-12-05 10:47:04] [INFO] socratic_rag.system: Debug mode DISABLED - only important operations logged
[2025-12-05 10:47:04] [INFO] socratic_rag.system: Debug mode DISABLED - only important operations logged
[2025-12-05 12:55:04] [INFO] socratic_rag.system: Debug mode ENABLED - all operations will be logged
[2025-12-05 12:55:04] [INFO] socratic_rag.system: Debug mode ENABLED - all operations will be logged
[2025-12-05 12:55:04] [INFO] socratic_rag.system: Debug mode ENABLED - all operations will be logged
[2025-12-05 12:55:04] [INFO] socratic_rag.system: Debug mode ENABLED - all operations will be logged
[2025-12-05 12:55:04] [INFO] socratic_rag.system: Debug mode ENABLED - all operations will be logged
[2025-12-05 12:55:04] [INFO] socratic_rag.system: Debug mode ENABLED - all operations will be logged
[2025-12-05 12:55:04] [INFO] socratic_rag.system: Debug mode ENABLED - all operations will be logged
[2025-12-05 12:55:04] [INFO] socratic_rag.system: Debug mode DISABLED - only important operations logged
[2025-12-05 12:55:04] [INFO] socratic_rag.system: Debug mode DISABLED - only important operations logged
[2025-12-05 12:55:04] [INFO] socratic_rag.system: Debug mode DISABLED - only important operations logged
[2025-12-05 12:55:04] [INFO] socratic_rag.system: Debug mode DISABLED - only important operations logged
[2025-12-05 12:55:04] [INFO] socratic_rag.system: Debug mode DISABLED - only important operations logged
[2025-12-05 12:55:04] [INFO] socratic_rag.system: Debug mode DISABLED - only important operations logged
[2025-12-05 12:55:04] [INFO] socratic_rag.system: Debug mode DISABLED - only important operations logged
[2025-12-05 12:55:04] [INFO] socratic_rag.system: Debug mode DISABLED - only important operations logged
[2025-12-05 12:55:04] [INFO] socratic_rag.system: Debug mode DISABLED - only important operations logged
[2025-12-05 12:55:04] [INFO] socratic_rag.system: Debug mode DISABLED - only important operations logged
[2025-12-05 12:55:04] [INFO] socratic_rag.system: Debug mode ENABLED - all operations will be logged
[2025-12-05 12:55:04] [INFO] socratic_rag.system: Debug mode ENABLED - all operations will be logged
[2025-12-05 12:55:04] [INFO] socratic_rag.system: Debug mode ENABLED - all operations will be logged
[2025-12-05 12:55:04] [INFO] socratic_rag.system: Debug mode ENABLED - all operations will be logged
[2025-12-05 12:55:04] [INFO] socratic_rag.system: Debug mode ENABLED - all operations will be logged
[2025-12-05 12:55:04] [INFO] socratic_rag.system: Debug mode ENABLED - all operations will be logged
[2025-12-05 12:55:04] [INFO] socratic_rag.system: Debug mode ENABLED - all operations will be logged
[2025-12-05 12:55:04] [INFO] socratic_rag.system: Debug mode DISABLED - only important operations logged
[2025-12-05 12:55:04] [INFO] socratic_rag.system: Debug mode DISABLED - only important operations logged
[2025-12-05 12:55:04] [INFO] socratic_rag.system: Debug mode DISABLED - only important operations logged
[2025-12-05 12:55:04] [INFO] socratic_rag.system: Debug mode DISABLED - only important operations logged
[2025-12-05 12:55:04] [INFO] socratic_rag.system: Debug mode DISABLED - only important operations logged
[2025-12-05 12:55:04] [INFO] socratic_rag.system: Debug mode DISABLED - only important operations logged
[2025-12-05 12:55:04] [INFO] socratic_rag.system: Debug mode DISABLED - only important operations logged
